  tool_xattr.c
  tool_writeout.c
  tool_vms.c
  tool_util.c
  tool_urlglob.c
  tool_strdup.c
  tool_sleep.c
  tool_setopt.c
  tool_parsecfg.c
  tool_paramhlp.c
  tool_panykey.c
  tool_operhlp.c
  tool_operate.c
  tool_msgs.c
  tool_metalink.c
  tool_main.c
  tool_libinfo.c
  tool_hugehelp.c
  tool_homedir.c
  tool_helpers.c
  Generating Code...
  Compiling...
  tool_help.c
  tool_getpass.c
  tool_getparam.c
  tool_formparse.c
  tool_filetime.c
  tool_easysrc.c
  tool_doswin.c
  tool_dirhie.c
  tool_convert.c
  tool_cfgable.c
  tool_cb_wrt.c
  tool_cb_see.c
  tool_cb_rea.c
  tool_cb_prg.c
  tool_cb_hdr.c
  tool_cb_dbg.c
  tool_bname.c
  tool_binmode.c
  slist_wc.c
  warnless.c
  Generating Code...
  Compiling...
  strtoofft.c
  nonblock.c
  curl_ctype.c
  Generating Code...
  curl.vcxproj -> C:\Users\Nancy\source\repos\curl-7.61.1\projects\Windows\VC15\src\..\..\..\..\build\Win64\VC15\DLL Debug - DLL Windows SSPI\curld.exe
