  vtls.c
  schannel_verify.c
  schannel.c
  polarssl_threadlock.c
  polarssl.c
  openssl.c
  nss.c
  mbedtls.c
  gtls.c
  gskit.c
  darwinssl.c
  cyassl.c
  axtls.c
  vauth.c
  spnego_sspi.c
  spnego_gssapi.c
  oauth2.c
  ntlm_sspi.c
  ntlm.c
  krb5_sspi.c
  Generating Code...
  Compiling...
  krb5_gssapi.c
  digest_sspi.c
  digest.c
  cram.c
  cleartext.c
  x509asn1.c
  wildcard.c
  warnless.c
  version.c
  url.c
  transfer.c
  timeval.c
  tftp.c
  telnet.c
  system_win32.c
  strtoofft.c
  strtok.c
  strerror.c
  strdup.c
  strcase.c
  Generating Code...
  Compiling...
  ssh-libssh.c
  ssh.c
  splay.c
  speedcheck.c
  socks_sspi.c
  socks_gssapi.c
  socks.c
  smtp.c
  smb.c
  slist.c
  share.c
  sha256.c
  setopt.c
  sendf.c
  select.c
  security.c
  rtsp.c
  rand.c
  psl.c
  progress.c
  Generating Code...
  Compiling...
  pop3.c
  pipeline.c
  pingpong.c
  parsedate.c
  openldap.c
  nonblock.c
  non-ascii.c
  netrc.c
  multi.c
  mprintf.c
  mime.c
  memdebug.c
  md5.c
  md4.c
  llist.c
  ldap.c
  krb5.c
  inet_pton.c
  inet_ntop.c
  imap.c
  Generating Code...
  Compiling...
  if2ip.c
  idn_win32.c
  http_proxy.c
  http_ntlm.c
  http_negotiate.c
  http_digest.c
  http_chunks.c
  http.c
  http2.c
  hostsyn.c
  hostip.c
  hostip6.c
  hostip4.c
  hostcheck.c
  hostasyn.c
  hmac.c
  hash.c
  gopher.c
  getinfo.c
  getenv.c
  Generating Code...
  Compiling...
  ftplistparser.c
  ftp.c
  formdata.c
  fileinfo.c
  file.c
  escape.c
  easy.c
  dotdot.c
  dict.c
  curl_threads.c
  curl_sspi.c
  curl_sasl.c
  curl_rtmp.c
  curl_range.c
  curl_path.c
  curl_ntlm_wb.c
  curl_ntlm_core.c
  curl_multibyte.c
  curl_memrchr.c
  curl_gssapi.c
  Generating Code...
  Compiling...
  curl_gethostname.c
  curl_fnmatch.c
  curl_endian.c
  curl_des.c
  curl_ctype.c
  curl_addrinfo.c
  cookie.c
  content_encoding.c
  connect.c
  conncache.c
  base64.c
  asyn-thread.c
  asyn-ares.c
  amigaos.c
  Generating Code...
     Creating library C:\Users\Nancy\source\repos\curl-7.61.1\build\Win32\VC15\DLL Debug - DLL Windows SSPI\libcurld.lib and object C:\Users\Nancy\source\repos\curl-7.61.1\build\Win32\VC15\DLL Debug - DLL Windows SSPI\libcurld.exp
  libcurl.vcxproj -> C:\Users\Nancy\source\repos\curl-7.61.1\projects\Windows\VC15\lib\..\..\..\..\build\Win32\VC15\DLL Debug - DLL Windows SSPI\libcurld.dll
